2026-05-13T16:56:36 [INFO] boundaries — Boundaries ingestion started
2026-05-13T16:56:36 [INFO] boundaries — Raw GeoJSON saved → C:\Users\DNivaux\Documents\efrei\Data_Architecture\data\bronze\boundaries\arrondissements.geojson
2026-05-13T16:56:37 [INFO] boundaries — Saved 20 arrondissements → C:\Users\DNivaux\Documents\efrei\Data_Architecture\data\bronze\boundaries\part-0.parquet
2026-05-21T10:16:32 [INFO] boundaries — Boundaries ingestion started
2026-05-21T10:16:33 [INFO] boundaries — Raw GeoJSON saved → /home/beuhnny/Mast_DE/ProjetDataArchitect/Data_Architecture/data/bronze/boundaries/arrondissements.geojson
2026-05-21T10:16:33 [INFO] boundaries — Saved 20 arrondissements → /home/beuhnny/Mast_DE/ProjetDataArchitect/Data_Architecture/data/bronze/boundaries/part-0.parquet
2026-05-21T10:21:15 [INFO] boundaries — Boundaries ingestion started
2026-05-21T10:21:15 [INFO] boundaries — Raw GeoJSON saved → /home/beuhnny/Mast_DE/ProjetDataArchitect/Data_Architecture/data/bronze/boundaries/arrondissements.geojson
2026-05-21T10:21:15 [INFO] boundaries — Saved 20 arrondissements → /home/beuhnny/Mast_DE/ProjetDataArchitect/Data_Architecture/data/bronze/boundaries/part-0.parquet
2026-05-21T10:27:09 [INFO] boundaries — Boundaries ingestion started
2026-05-21T10:27:09 [INFO] boundaries — Raw GeoJSON saved → /home/beuhnny/Mast_DE/ProjetDataArchitect/Data_Architecture/data/bronze/boundaries/arrondissements.geojson
2026-05-21T10:27:09 [INFO] boundaries — Saved 20 arrondissements → /home/beuhnny/Mast_DE/ProjetDataArchitect/Data_Architecture/data/bronze/boundaries/part-0.parquet
2026-05-21T11:02:54 [INFO] boundaries — Boundaries ingestion started
2026-05-21T11:02:54 [INFO] boundaries — Raw GeoJSON saved → /home/beuhnny/Mast_DE/ProjetDataArchitect/Data_Architecture/data/bronze/boundaries/arrondissements.geojson
2026-05-21T11:02:54 [INFO] boundaries — Saved 20 arrondissements → /home/beuhnny/Mast_DE/ProjetDataArchitect/Data_Architecture/data/bronze/boundaries/part-0.parquet
2026-05-21T11:10:30 [INFO] boundaries — Boundaries ingestion started
2026-05-21T11:10:30 [INFO] boundaries — Raw GeoJSON saved → /home/beuhnny/Mast_DE/ProjetDataArchitect/Data_Architecture/data/bronze/boundaries/arrondissements.geojson
2026-05-21T11:10:30 [INFO] boundaries — Saved 20 arrondissements → /home/beuhnny/Mast_DE/ProjetDataArchitect/Data_Architecture/data/bronze/boundaries/part-0.parquet
2026-05-21T14:11:25 [INFO] boundaries — Boundaries ingestion started
2026-05-21T14:11:25 [INFO] boundaries — Raw GeoJSON saved → /home/beuhnny/Mast_DE/ProjetDataArchitect/Data_Architecture/data/bronze/boundaries/arrondissements.geojson
2026-05-21T14:11:25 [INFO] boundaries — Saved 20 arrondissements → /home/beuhnny/Mast_DE/ProjetDataArchitect/Data_Architecture/data/bronze/boundaries/part-0.parquet
2026-06-21T12:16:04 [INFO] boundaries — Boundaries ingestion started
2026-06-21T12:16:04 [INFO] boundaries — Raw GeoJSON saved → C:\Users\DNivaux\Documents\efrei\Data_Architecture\data\bronze\boundaries\arrondissements.geojson
2026-06-21T12:16:04 [INFO] boundaries — Saved 20 arrondissements → C:\Users\DNivaux\Documents\efrei\Data_Architecture\data\bronze\boundaries\part-0.parquet
2026-06-21T12:32:41 [INFO] boundaries — Boundaries ingestion started
2026-06-21T12:32:41 [INFO] boundaries — Raw GeoJSON saved → C:\Users\DNivaux\Documents\efrei\Data_Architecture\data\bronze\boundaries\arrondissements.geojson
2026-06-21T12:32:41 [INFO] boundaries — Saved 20 arrondissements → C:\Users\DNivaux\Documents\efrei\Data_Architecture\data\bronze\boundaries\part-0.parquet
2026-06-21T12:57:00 [INFO] boundaries — Boundaries ingestion started
2026-06-21T12:57:01 [INFO] boundaries — Raw GeoJSON saved → C:\Users\DNivaux\Documents\efrei\Data_Architecture\data\bronze\boundaries\arrondissements.geojson
2026-06-21T12:57:01 [INFO] boundaries — Saved 20 arrondissements → C:\Users\DNivaux\Documents\efrei\Data_Architecture\data\bronze\boundaries\part-0.parquet
2026-06-21T13:39:02 [INFO] boundaries — Boundaries ingestion started
2026-06-21T13:39:03 [INFO] boundaries — Raw GeoJSON saved → C:\Users\DNivaux\Documents\efrei\Data_Architecture\data\bronze\boundaries\arrondissements.geojson
2026-06-21T13:39:03 [INFO] boundaries — Saved 20 arrondissements → C:\Users\DNivaux\Documents\efrei\Data_Architecture\data\bronze\boundaries\part-0.parquet
