2026-05-13T16:56:34 [INFO] dvf — DVF ingestion started — 2026-01-01 to 2026-05-13 — 20 arrondissements
2026-05-13T16:56:34 [INFO] dvf —   Fetching arrondissement 01 (postal=75001)
2026-05-13T16:56:35 [WARNING] dvf — DVF 75001 offset=0 → HTTP 404: <!DOCTYPE html>
<html lang="en">
<head>
<meta charset="utf-8">
<title>Error</title>
</head>
<body>
<pre>Cannot GET /api/dvf/mutation</pre>
</body>
</html>

2026-05-13T16:56:35 [WARNING] dvf —     No data returned for arrondissement 01
2026-05-13T16:56:35 [INFO] dvf —   Fetching arrondissement 02 (postal=75002)
2026-05-13T16:56:35 [WARNING] dvf — DVF 75002 offset=0 → HTTP 404: <!DOCTYPE html>
<html lang="en">
<head>
<meta charset="utf-8">
<title>Error</title>
</head>
<body>
<pre>Cannot GET /api/dvf/mutation</pre>
</body>
</html>

2026-05-13T16:56:35 [WARNING] dvf —     No data returned for arrondissement 02
2026-05-13T16:56:35 [INFO] dvf —   Fetching arrondissement 03 (postal=75003)
2026-05-13T16:56:35 [WARNING] dvf — DVF 75003 offset=0 → HTTP 404: <!DOCTYPE html>
<html lang="en">
<head>
<meta charset="utf-8">
<title>Error</title>
</head>
<body>
<pre>Cannot GET /api/dvf/mutation</pre>
</body>
</html>

2026-05-13T16:56:35 [WARNING] dvf —     No data returned for arrondissement 03
2026-05-13T16:56:35 [INFO] dvf —   Fetching arrondissement 04 (postal=75004)
2026-05-13T16:56:35 [WARNING] dvf — DVF 75004 offset=0 → HTTP 404: <!DOCTYPE html>
<html lang="en">
<head>
<meta charset="utf-8">
<title>Error</title>
</head>
<body>
<pre>Cannot GET /api/dvf/mutation</pre>
</body>
</html>

2026-05-13T16:56:35 [WARNING] dvf —     No data returned for arrondissement 04
2026-05-13T16:56:35 [INFO] dvf —   Fetching arrondissement 05 (postal=75005)
2026-05-13T16:56:35 [WARNING] dvf — DVF 75005 offset=0 → HTTP 404: <!DOCTYPE html>
<html lang="en">
<head>
<meta charset="utf-8">
<title>Error</title>
</head>
<body>
<pre>Cannot GET /api/dvf/mutation</pre>
</body>
</html>

2026-05-13T16:56:35 [WARNING] dvf —     No data returned for arrondissement 05
2026-05-13T16:56:35 [INFO] dvf —   Fetching arrondissement 06 (postal=75006)
2026-05-13T16:56:35 [WARNING] dvf — DVF 75006 offset=0 → HTTP 404: <!DOCTYPE html>
<html lang="en">
<head>
<meta charset="utf-8">
<title>Error</title>
</head>
<body>
<pre>Cannot GET /api/dvf/mutation</pre>
</body>
</html>

2026-05-13T16:56:35 [WARNING] dvf —     No data returned for arrondissement 06
2026-05-13T16:56:35 [INFO] dvf —   Fetching arrondissement 07 (postal=75007)
2026-05-13T16:56:35 [WARNING] dvf — DVF 75007 offset=0 → HTTP 404: <!DOCTYPE html>
<html lang="en">
<head>
<meta charset="utf-8">
<title>Error</title>
</head>
<body>
<pre>Cannot GET /api/dvf/mutation</pre>
</body>
</html>

2026-05-13T16:56:35 [WARNING] dvf —     No data returned for arrondissement 07
2026-05-13T16:56:35 [INFO] dvf —   Fetching arrondissement 08 (postal=75008)
2026-05-13T16:56:35 [WARNING] dvf — DVF 75008 offset=0 → HTTP 404: <!DOCTYPE html>
<html lang="en">
<head>
<meta charset="utf-8">
<title>Error</title>
</head>
<body>
<pre>Cannot GET /api/dvf/mutation</pre>
</body>
</html>

2026-05-13T16:56:35 [WARNING] dvf —     No data returned for arrondissement 08
2026-05-13T16:56:35 [INFO] dvf —   Fetching arrondissement 09 (postal=75009)
2026-05-13T16:56:35 [WARNING] dvf — DVF 75009 offset=0 → HTTP 404: <!DOCTYPE html>
<html lang="en">
<head>
<meta charset="utf-8">
<title>Error</title>
</head>
<body>
<pre>Cannot GET /api/dvf/mutation</pre>
</body>
</html>

2026-05-13T16:56:35 [WARNING] dvf —     No data returned for arrondissement 09
2026-05-13T16:56:35 [INFO] dvf —   Fetching arrondissement 10 (postal=75010)
2026-05-13T16:56:35 [WARNING] dvf — DVF 75010 offset=0 → HTTP 404: <!DOCTYPE html>
<html lang="en">
<head>
<meta charset="utf-8">
<title>Error</title>
</head>
<body>
<pre>Cannot GET /api/dvf/mutation</pre>
</body>
</html>

2026-05-13T16:56:35 [WARNING] dvf —     No data returned for arrondissement 10
2026-05-13T16:56:35 [INFO] dvf —   Fetching arrondissement 11 (postal=75011)
2026-05-13T16:56:35 [WARNING] dvf — DVF 75011 offset=0 → HTTP 404: <!DOCTYPE html>
<html lang="en">
<head>
<meta charset="utf-8">
<title>Error</title>
</head>
<body>
<pre>Cannot GET /api/dvf/mutation</pre>
</body>
</html>

2026-05-13T16:56:35 [WARNING] dvf —     No data returned for arrondissement 11
2026-05-13T16:56:35 [INFO] dvf —   Fetching arrondissement 12 (postal=75012)
2026-05-13T16:56:35 [WARNING] dvf — DVF 75012 offset=0 → HTTP 404: <!DOCTYPE html>
<html lang="en">
<head>
<meta charset="utf-8">
<title>Error</title>
</head>
<body>
<pre>Cannot GET /api/dvf/mutation</pre>
</body>
</html>

2026-05-13T16:56:35 [WARNING] dvf —     No data returned for arrondissement 12
2026-05-13T16:56:35 [INFO] dvf —   Fetching arrondissement 13 (postal=75013)
2026-05-13T16:56:35 [WARNING] dvf — DVF 75013 offset=0 → HTTP 404: <!DOCTYPE html>
<html lang="en">
<head>
<meta charset="utf-8">
<title>Error</title>
</head>
<body>
<pre>Cannot GET /api/dvf/mutation</pre>
</body>
</html>

2026-05-13T16:56:35 [WARNING] dvf —     No data returned for arrondissement 13
2026-05-13T16:56:35 [INFO] dvf —   Fetching arrondissement 14 (postal=75014)
2026-05-13T16:56:35 [WARNING] dvf — DVF 75014 offset=0 → HTTP 404: <!DOCTYPE html>
<html lang="en">
<head>
<meta charset="utf-8">
<title>Error</title>
</head>
<body>
<pre>Cannot GET /api/dvf/mutation</pre>
</body>
</html>

2026-05-13T16:56:35 [WARNING] dvf —     No data returned for arrondissement 14
2026-05-13T16:56:35 [INFO] dvf —   Fetching arrondissement 15 (postal=75015)
2026-05-13T16:56:35 [WARNING] dvf — DVF 75015 offset=0 → HTTP 404: <!DOCTYPE html>
<html lang="en">
<head>
<meta charset="utf-8">
<title>Error</title>
</head>
<body>
<pre>Cannot GET /api/dvf/mutation</pre>
</body>
</html>

2026-05-13T16:56:35 [WARNING] dvf —     No data returned for arrondissement 15
2026-05-13T16:56:35 [INFO] dvf —   Fetching arrondissement 16 (postal=75016)
2026-05-13T16:56:35 [WARNING] dvf — DVF 75016 offset=0 → HTTP 404: <!DOCTYPE html>
<html lang="en">
<head>
<meta charset="utf-8">
<title>Error</title>
</head>
<body>
<pre>Cannot GET /api/dvf/mutation</pre>
</body>
</html>

2026-05-13T16:56:35 [WARNING] dvf —     No data returned for arrondissement 16
2026-05-13T16:56:35 [INFO] dvf —   Fetching arrondissement 17 (postal=75017)
2026-05-13T16:56:35 [WARNING] dvf — DVF 75017 offset=0 → HTTP 404: <!DOCTYPE html>
<html lang="en">
<head>
<meta charset="utf-8">
<title>Error</title>
</head>
<body>
<pre>Cannot GET /api/dvf/mutation</pre>
</body>
</html>

2026-05-13T16:56:35 [WARNING] dvf —     No data returned for arrondissement 17
2026-05-13T16:56:35 [INFO] dvf —   Fetching arrondissement 18 (postal=75018)
2026-05-13T16:56:35 [WARNING] dvf — DVF 75018 offset=0 → HTTP 404: <!DOCTYPE html>
<html lang="en">
<head>
<meta charset="utf-8">
<title>Error</title>
</head>
<body>
<pre>Cannot GET /api/dvf/mutation</pre>
</body>
</html>

2026-05-13T16:56:35 [WARNING] dvf —     No data returned for arrondissement 18
2026-05-13T16:56:35 [INFO] dvf —   Fetching arrondissement 19 (postal=75019)
2026-05-13T16:56:35 [WARNING] dvf — DVF 75019 offset=0 → HTTP 404: <!DOCTYPE html>
<html lang="en">
<head>
<meta charset="utf-8">
<title>Error</title>
</head>
<body>
<pre>Cannot GET /api/dvf/mutation</pre>
</body>
</html>

2026-05-13T16:56:35 [WARNING] dvf —     No data returned for arrondissement 19
2026-05-13T16:56:35 [INFO] dvf —   Fetching arrondissement 20 (postal=75020)
2026-05-13T16:56:35 [WARNING] dvf — DVF 75020 offset=0 → HTTP 404: <!DOCTYPE html>
<html lang="en">
<head>
<meta charset="utf-8">
<title>Error</title>
</head>
<body>
<pre>Cannot GET /api/dvf/mutation</pre>
</body>
</html>

2026-05-13T16:56:35 [WARNING] dvf —     No data returned for arrondissement 20
2026-05-13T16:56:35 [WARNING] dvf — DVF ingestion produced no rows.
2026-05-21T10:39:39 [INFO] dvf — DVF ingestion locale démarrée — source : /Users/daenivaux/Desktop/EFREI/Projet DATA Architecture/Data_Architecture/data/bronze/dvf/dvf.csv
2026-05-21T10:39:39 [INFO] dvf — Taille fichier : 3382.2 Mo
2026-05-21T10:39:45 [DEBUG] dvf —   Chunk 10 — lus : 2000000 | conservés Paris : 0
2026-05-21T10:39:51 [DEBUG] dvf —   Chunk 20 — lus : 4000000 | conservés Paris : 0
2026-05-21T10:39:56 [DEBUG] dvf —   Chunk 30 — lus : 6000000 | conservés Paris : 40472
2026-05-21T10:40:02 [DEBUG] dvf —   Chunk 40 — lus : 8000000 | conservés Paris : 40472
2026-05-21T10:40:07 [DEBUG] dvf —   Chunk 50 — lus : 10000000 | conservés Paris : 83627
2026-05-21T10:40:12 [DEBUG] dvf —   Chunk 60 — lus : 12000000 | conservés Paris : 83627
2026-05-21T10:40:17 [DEBUG] dvf —   Chunk 70 — lus : 14000000 | conservés Paris : 118866
2026-05-21T10:40:22 [DEBUG] dvf —   Chunk 80 — lus : 16000000 | conservés Paris : 118866
2026-05-21T10:40:28 [DEBUG] dvf —   Chunk 90 — lus : 18000000 | conservés Paris : 152135
2026-05-21T10:40:35 [DEBUG] dvf —   Chunk 100 — lus : 20000000 | conservés Paris : 152135
2026-05-21T10:40:36 [INFO] dvf — DVF ingestion : 20382915 lignes nationales lues → 189609 transactions parisiennes conservées
2026-05-21T10:40:36 [INFO] dvf — Parquet sauvegardé → /Users/daenivaux/Desktop/EFREI/Projet DATA Architecture/Data_Architecture/data/bronze/dvf_clean/date=2026-05-21/part-0.parquet
2026-05-21T13:59:16 [INFO] dvf — DVF ingestion locale démarrée — source : /home/beuhnny/Mast_DE/ProjetDataArchitect/Data_Architecture/data/bronze/dvf/dvf.csv
2026-05-21T13:59:16 [INFO] dvf — Taille fichier : 3382.2 Mo
2026-05-21T13:59:21 [DEBUG] dvf —   Chunk 10 — lus : 2000000 | conservés Paris : 0
2026-05-21T13:59:26 [DEBUG] dvf —   Chunk 20 — lus : 4000000 | conservés Paris : 0
2026-05-21T13:59:31 [DEBUG] dvf —   Chunk 30 — lus : 6000000 | conservés Paris : 40472
2026-05-21T13:59:46 [INFO] dvf — DVF ingestion locale démarrée — source : /home/beuhnny/Mast_DE/ProjetDataArchitect/Data_Architecture/data/bronze/dvf/dvf.csv
2026-05-21T13:59:46 [INFO] dvf — Taille fichier : 3382.2 Mo
2026-05-21T13:59:51 [DEBUG] dvf —   Chunk 10 — lus : 2000000 | conservés Paris : 0
2026-05-21T13:59:56 [DEBUG] dvf —   Chunk 20 — lus : 4000000 | conservés Paris : 0
2026-05-21T14:00:01 [DEBUG] dvf —   Chunk 30 — lus : 6000000 | conservés Paris : 40472
2026-05-21T14:00:07 [DEBUG] dvf —   Chunk 40 — lus : 8000000 | conservés Paris : 40472
2026-05-21T14:00:12 [DEBUG] dvf —   Chunk 50 — lus : 10000000 | conservés Paris : 83627
2026-05-21T14:00:17 [DEBUG] dvf —   Chunk 60 — lus : 12000000 | conservés Paris : 83627
2026-05-21T14:00:22 [DEBUG] dvf —   Chunk 70 — lus : 14000000 | conservés Paris : 118866
2026-05-21T14:00:27 [DEBUG] dvf —   Chunk 80 — lus : 16000000 | conservés Paris : 118866
2026-05-21T14:00:31 [DEBUG] dvf —   Chunk 90 — lus : 18000000 | conservés Paris : 152135
2026-05-21T14:00:36 [DEBUG] dvf —   Chunk 100 — lus : 20000000 | conservés Paris : 152135
2026-05-21T14:00:37 [INFO] dvf — DVF ingestion : 20382915 lignes nationales lues → 189609 transactions parisiennes conservées
2026-05-21T14:00:37 [INFO] dvf — Parquet sauvegardé → /home/beuhnny/Mast_DE/ProjetDataArchitect/Data_Architecture/data/bronze/dvf_clean/date=2026-05-21/part-0.parquet
2026-05-22T19:18:47 [INFO] dvf — DVF ingestion locale démarrée — source : /Users/daenivaux/Desktop/EFREI/Projet DATA Architecture/Data_Architecture/data/bronze/dvf/dvf.csv
2026-05-22T19:18:47 [INFO] dvf — Taille fichier : 3382.2 Mo
2026-05-22T19:18:54 [DEBUG] dvf —   Chunk 10 — lus : 2000000 | conservés Paris : 0
2026-05-22T19:19:01 [DEBUG] dvf —   Chunk 20 — lus : 4000000 | conservés Paris : 0
2026-05-22T19:19:08 [DEBUG] dvf —   Chunk 30 — lus : 6000000 | conservés Paris : 40472
2026-05-22T19:19:15 [DEBUG] dvf —   Chunk 40 — lus : 8000000 | conservés Paris : 40472
2026-05-22T19:19:22 [DEBUG] dvf —   Chunk 50 — lus : 10000000 | conservés Paris : 83627
2026-05-22T19:19:29 [DEBUG] dvf —   Chunk 60 — lus : 12000000 | conservés Paris : 83627
2026-05-22T19:19:36 [DEBUG] dvf —   Chunk 70 — lus : 14000000 | conservés Paris : 118866
2026-05-22T19:19:43 [DEBUG] dvf —   Chunk 80 — lus : 16000000 | conservés Paris : 118866
2026-05-22T19:19:49 [DEBUG] dvf —   Chunk 90 — lus : 18000000 | conservés Paris : 152135
2026-05-22T19:19:56 [DEBUG] dvf —   Chunk 100 — lus : 20000000 | conservés Paris : 152135
2026-05-22T19:19:58 [INFO] dvf — DVF ingestion : 20382915 lignes nationales lues → 189609 transactions parisiennes conservées
2026-05-22T19:19:58 [INFO] dvf — Parquet sauvegardé → /Users/daenivaux/Desktop/EFREI/Projet DATA Architecture/Data_Architecture/data/bronze/dvf_clean/date=2026-05-22/part-0.parquet
2026-05-22T20:00:00 [INFO] dvf — DVF ingestion locale démarrée — source : /Users/daenivaux/Desktop/EFREI/Projet DATA Architecture/Data_Architecture/data/bronze/dvf/dvf.csv
2026-05-22T20:00:00 [INFO] dvf — Taille fichier : 3382.2 Mo
2026-05-22T20:00:07 [DEBUG] dvf —   Chunk 10 — lus : 2000000 | conservés Paris : 0
2026-05-22T20:00:14 [DEBUG] dvf —   Chunk 20 — lus : 4000000 | conservés Paris : 0
2026-05-22T20:00:21 [DEBUG] dvf —   Chunk 30 — lus : 6000000 | conservés Paris : 40472
2026-05-22T20:00:28 [DEBUG] dvf —   Chunk 40 — lus : 8000000 | conservés Paris : 40472
2026-05-22T20:00:35 [DEBUG] dvf —   Chunk 50 — lus : 10000000 | conservés Paris : 83627
2026-05-22T20:00:41 [DEBUG] dvf —   Chunk 60 — lus : 12000000 | conservés Paris : 83627
2026-05-22T20:00:48 [DEBUG] dvf —   Chunk 70 — lus : 14000000 | conservés Paris : 118866
2026-05-22T20:00:55 [DEBUG] dvf —   Chunk 80 — lus : 16000000 | conservés Paris : 118866
2026-05-22T20:01:02 [DEBUG] dvf —   Chunk 90 — lus : 18000000 | conservés Paris : 152135
2026-05-22T20:01:09 [DEBUG] dvf —   Chunk 100 — lus : 20000000 | conservés Paris : 152135
2026-05-22T20:01:10 [INFO] dvf — DVF ingestion : 20382915 lignes nationales lues → 189609 transactions parisiennes conservées
2026-05-22T20:01:10 [INFO] dvf — Parquet sauvegardé → /Users/daenivaux/Desktop/EFREI/Projet DATA Architecture/Data_Architecture/data/bronze/dvf_clean/date=2026-05-22/part-0.parquet
2026-05-22T22:43:56 [INFO] dvf — DVF ingestion locale démarrée — source : /Users/daenivaux/Desktop/EFREI/Projet DATA Architecture/Data_Architecture/data/bronze/dvf/dvf.csv
2026-05-22T22:43:56 [INFO] dvf — Taille fichier : 3382.2 Mo
2026-05-22T22:44:03 [DEBUG] dvf —   Chunk 10 — lus : 2000000 | conservés Paris : 0
2026-05-22T22:44:10 [DEBUG] dvf —   Chunk 20 — lus : 4000000 | conservés Paris : 0
2026-05-22T22:44:17 [DEBUG] dvf —   Chunk 30 — lus : 6000000 | conservés Paris : 40472
2026-05-22T22:44:24 [DEBUG] dvf —   Chunk 40 — lus : 8000000 | conservés Paris : 40472
2026-05-22T22:44:31 [DEBUG] dvf —   Chunk 50 — lus : 10000000 | conservés Paris : 83627
2026-05-22T22:44:37 [DEBUG] dvf —   Chunk 60 — lus : 12000000 | conservés Paris : 83627
2026-05-22T22:44:44 [DEBUG] dvf —   Chunk 70 — lus : 14000000 | conservés Paris : 118866
2026-05-22T22:44:51 [DEBUG] dvf —   Chunk 80 — lus : 16000000 | conservés Paris : 118866
2026-05-22T22:44:58 [DEBUG] dvf —   Chunk 90 — lus : 18000000 | conservés Paris : 152135
2026-05-22T22:45:05 [DEBUG] dvf —   Chunk 100 — lus : 20000000 | conservés Paris : 152135
2026-05-22T22:45:06 [INFO] dvf — DVF ingestion : 20382915 lignes nationales lues → 189609 transactions parisiennes conservées
2026-05-22T22:45:06 [INFO] dvf — Parquet sauvegardé → /Users/daenivaux/Desktop/EFREI/Projet DATA Architecture/Data_Architecture/data/bronze/dvf_clean/date=2026-05-22/part-0.parquet
2026-06-22T09:03:22 [INFO] dvf — DVF ingestion locale démarrée — source : /Users/daenivaux/Desktop/EFREI/Projet DATA Architecture/Data_Architecture/data/bronze/dvf/dvf.csv
2026-06-22T09:03:22 [INFO] dvf — Taille fichier : 3382.2 Mo
2026-06-22T09:03:29 [DEBUG] dvf —   Chunk 10 — lus : 2000000 | conservés Paris : 0
2026-06-22T09:03:44 [DEBUG] dvf —   Chunk 20 — lus : 4000000 | conservés Paris : 0
2026-06-22T09:03:53 [DEBUG] dvf —   Chunk 30 — lus : 6000000 | conservés Paris : 40472
2026-06-22T09:04:01 [DEBUG] dvf —   Chunk 40 — lus : 8000000 | conservés Paris : 40472
2026-06-22T09:04:09 [DEBUG] dvf —   Chunk 50 — lus : 10000000 | conservés Paris : 83627
2026-06-22T09:04:16 [DEBUG] dvf —   Chunk 60 — lus : 12000000 | conservés Paris : 83627
2026-06-22T09:04:23 [DEBUG] dvf —   Chunk 70 — lus : 14000000 | conservés Paris : 118866
2026-06-22T09:04:29 [DEBUG] dvf —   Chunk 80 — lus : 16000000 | conservés Paris : 118866
2026-06-22T09:04:36 [DEBUG] dvf —   Chunk 90 — lus : 18000000 | conservés Paris : 152135
2026-06-22T09:04:43 [DEBUG] dvf —   Chunk 100 — lus : 20000000 | conservés Paris : 152135
2026-06-22T09:04:44 [INFO] dvf — DVF ingestion : 20382915 lignes nationales lues → 189609 transactions parisiennes conservées
2026-06-22T09:04:45 [INFO] dvf — Parquet sauvegardé → /Users/daenivaux/Desktop/EFREI/Projet DATA Architecture/Data_Architecture/data/bronze/dvf_clean/date=2026-06-22/part-0.parquet
