2026-05-13T16:56:34 [INFO] pipeline — ============================================================
2026-05-13T16:56:34 [INFO] pipeline — Bronze pipeline started at 2026-05-13T14:56:34.767827+00:00
2026-05-13T16:56:34 [INFO] pipeline — Sources: ['dvf', 'osm', 'boundaries']
2026-05-13T16:56:34 [INFO] pipeline — ============================================================
2026-05-13T16:56:34 [INFO] pipeline — 
>>> Running: DVF
2026-05-13T16:56:35 [INFO] pipeline — <<< DVF done: 0 rows in 0.7s
2026-05-13T16:56:35 [INFO] pipeline — 
>>> Running: OSM
2026-05-13T16:56:36 [INFO] pipeline — <<< OSM done: 0 rows in 1.0s
2026-05-13T16:56:36 [INFO] pipeline — 
>>> Running: BOUNDARIES
2026-05-13T16:56:37 [INFO] pipeline — <<< BOUNDARIES done: 20 rows in 0.8s
2026-05-13T16:56:37 [INFO] pipeline — 
============================================================
2026-05-13T16:56:37 [INFO] pipeline — Pipeline finished at 2026-05-13T14:56:37.199600+00:00 (2.4s total)
2026-05-13T16:56:37 [INFO] pipeline — SOURCE          RESULT
2026-05-13T16:56:37 [INFO] pipeline — ------------------------------------------------------------
2026-05-13T16:56:37 [INFO] pipeline — ✓ dvf           OK — 0 rows (0.7s)
2026-05-13T16:56:37 [INFO] pipeline — ✓ osm           OK — 0 rows (1.0s)
2026-05-13T16:56:37 [INFO] pipeline — ✓ boundaries    OK — 20 rows (0.8s)
2026-05-13T16:56:37 [INFO] pipeline — ============================================================
